[2025-04-17T05:52:29.016+0000] {manager.py:486} INFO - Processing files using up to 2 processes at a time 
[2025-04-17T05:52:29.016+0000] {manager.py:487} INFO - Process each file at most once every 30 seconds
[2025-04-17T05:52:29.018+0000] {manager.py:488} INFO - Checking for new files in /opt/airflow/dags every 300 seconds
[2025-04-17T05:52:29.020+0000] {manager.py:832} INFO - Searching for files in /opt/airflow/dags
[2025-04-17T05:52:29.025+0000] {manager.py:835} INFO - There are 0 files in /opt/airflow/dags
[2025-04-17T05:57:29.919+0000] {manager.py:832} INFO - Searching for files in /opt/airflow/dags
[2025-04-17T05:57:29.925+0000] {manager.py:835} INFO - There are 0 files in /opt/airflow/dags
[2025-04-17T06:02:30.853+0000] {manager.py:832} INFO - Searching for files in /opt/airflow/dags
[2025-04-17T06:02:30.857+0000] {manager.py:835} INFO - There are 0 files in /opt/airflow/dags
[2025-04-17T06:07:31.783+0000] {manager.py:832} INFO - Searching for files in /opt/airflow/dags
[2025-04-17T06:07:31.791+0000] {manager.py:835} INFO - There are 1 files in /opt/airflow/dags
[2025-04-17T06:07:37.779+0000] {manager.py:1008} INFO - 
================================================================================
DAG File Processing Stats

File Path                                   PID    Runtime      # DAGs    # Errors  Last Runtime    Last Run               Last # of DB Queries
------------------------------------------  -----  ---------  --------  ----------  --------------  -------------------  ----------------------
/opt/airflow/dags/build_pinecone_search.py                           1           0  1.89s           2025-04-17T06:07:33                      45
================================================================================
[2025-04-17T06:08:07.788+0000] {manager.py:1008} INFO - 
================================================================================
DAG File Processing Stats

File Path                                   PID    Runtime      # DAGs    # Errors  Last Runtime    Last Run               Last # of DB Queries
------------------------------------------  -----  ---------  --------  ----------  --------------  -------------------  ----------------------
/opt/airflow/dags/build_pinecone_search.py                           1           0  1.69s           2025-04-17T06:08:05                      12
================================================================================
[2025-04-17T06:08:38.388+0000] {manager.py:1008} INFO - 
================================================================================
DAG File Processing Stats

File Path                                   PID    Runtime      # DAGs    # Errors  Last Runtime    Last Run               Last # of DB Queries
------------------------------------------  -----  ---------  --------  ----------  --------------  -------------------  ----------------------
/opt/airflow/dags/build_pinecone_search.py                           1           0  1.64s           2025-04-17T06:08:37                      12
================================================================================
[2025-04-17T06:09:08.674+0000] {manager.py:1008} INFO - 
================================================================================
DAG File Processing Stats

File Path                                     PID  Runtime      # DAGs    # Errors  Last Runtime    Last Run               Last # of DB Queries
------------------------------------------  -----  ---------  --------  ----------  --------------  -------------------  ----------------------
/opt/airflow/dags/build_pinecone_search.py    509  0.62s             1           0  1.64s           2025-04-17T06:08:37                      12
================================================================================
[2025-04-17T06:09:39.061+0000] {manager.py:1008} INFO - 
================================================================================
DAG File Processing Stats

File Path                                   PID    Runtime      # DAGs    # Errors  Last Runtime    Last Run               Last # of DB Queries
------------------------------------------  -----  ---------  --------  ----------  --------------  -------------------  ----------------------
/opt/airflow/dags/build_pinecone_search.py                           1           0  1.63s           2025-04-17T06:09:09                      12
================================================================================
[2025-04-17T06:10:09.267+0000] {manager.py:1008} INFO - 
================================================================================
DAG File Processing Stats

File Path                                   PID    Runtime      # DAGs    # Errors  Last Runtime    Last Run               Last # of DB Queries
------------------------------------------  -----  ---------  --------  ----------  --------------  -------------------  ----------------------
/opt/airflow/dags/build_pinecone_search.py                           1           0  1.75s           2025-04-17T06:09:41                      12
================================================================================
[2025-04-17T06:10:39.550+0000] {manager.py:1008} INFO - 
================================================================================
DAG File Processing Stats

File Path                                   PID    Runtime      # DAGs    # Errors  Last Runtime    Last Run               Last # of DB Queries
------------------------------------------  -----  ---------  --------  ----------  --------------  -------------------  ----------------------
/opt/airflow/dags/build_pinecone_search.py                           1           0  1.67s           2025-04-17T06:10:13                      12
================================================================================
[2025-04-17T06:11:09.837+0000] {manager.py:1008} INFO - 
================================================================================
DAG File Processing Stats

File Path                                   PID    Runtime      # DAGs    # Errors  Last Runtime    Last Run               Last # of DB Queries
------------------------------------------  -----  ---------  --------  ----------  --------------  -------------------  ----------------------
/opt/airflow/dags/build_pinecone_search.py                           1           0  1.63s           2025-04-17T06:10:45                      12
================================================================================
[2025-04-17T06:11:40.134+0000] {manager.py:1008} INFO - 
================================================================================
DAG File Processing Stats

File Path                                   PID    Runtime      # DAGs    # Errors  Last Runtime    Last Run               Last # of DB Queries
------------------------------------------  -----  ---------  --------  ----------  --------------  -------------------  ----------------------
/opt/airflow/dags/build_pinecone_search.py                           1           0  1.60s           2025-04-17T06:11:17                      12
================================================================================
[2025-04-17T06:12:10.403+0000] {manager.py:1008} INFO - 
================================================================================
DAG File Processing Stats

File Path                                   PID    Runtime      # DAGs    # Errors  Last Runtime    Last Run               Last # of DB Queries
------------------------------------------  -----  ---------  --------  ----------  --------------  -------------------  ----------------------
/opt/airflow/dags/build_pinecone_search.py                           1           0  1.61s           2025-04-17T06:11:49                      12
================================================================================
[2025-04-17T06:12:31.837+0000] {manager.py:832} INFO - Searching for files in /opt/airflow/dags
[2025-04-17T06:12:31.846+0000] {manager.py:835} INFO - There are 1 files in /opt/airflow/dags
[2025-04-17T06:12:40.956+0000] {manager.py:1008} INFO - 
================================================================================
DAG File Processing Stats

File Path                                   PID    Runtime      # DAGs    # Errors  Last Runtime    Last Run               Last # of DB Queries
------------------------------------------  -----  ---------  --------  ----------  --------------  -------------------  ----------------------
/opt/airflow/dags/build_pinecone_search.py                           1           0  1.59s           2025-04-17T06:12:21                      12
================================================================================
[2025-04-17T06:13:11.194+0000] {manager.py:1008} INFO - 
================================================================================
DAG File Processing Stats

File Path                                   PID    Runtime      # DAGs    # Errors  Last Runtime    Last Run               Last # of DB Queries
------------------------------------------  -----  ---------  --------  ----------  --------------  -------------------  ----------------------
/opt/airflow/dags/build_pinecone_search.py                           1           0  1.60s           2025-04-17T06:12:53                      12
================================================================================
[2025-04-17T06:13:41.882+0000] {manager.py:1008} INFO - 
================================================================================
DAG File Processing Stats

File Path                                   PID    Runtime      # DAGs    # Errors  Last Runtime    Last Run               Last # of DB Queries
------------------------------------------  -----  ---------  --------  ----------  --------------  -------------------  ----------------------
/opt/airflow/dags/build_pinecone_search.py                           1           0  1.60s           2025-04-17T06:13:24                      12
================================================================================
[2025-04-17T06:14:12.354+0000] {manager.py:1008} INFO - 
================================================================================
DAG File Processing Stats

File Path                                   PID    Runtime      # DAGs    # Errors  Last Runtime    Last Run               Last # of DB Queries
------------------------------------------  -----  ---------  --------  ----------  --------------  -------------------  ----------------------
/opt/airflow/dags/build_pinecone_search.py                           1           0  1.62s           2025-04-17T06:13:56                      12
================================================================================
[2025-04-17T06:14:42.647+0000] {manager.py:1008} INFO - 
================================================================================
DAG File Processing Stats

File Path                                   PID    Runtime      # DAGs    # Errors  Last Runtime    Last Run               Last # of DB Queries
------------------------------------------  -----  ---------  --------  ----------  --------------  -------------------  ----------------------
/opt/airflow/dags/build_pinecone_search.py                           1           0  1.57s           2025-04-17T06:14:28                      12
================================================================================
[2025-04-17T06:15:12.982+0000] {manager.py:1008} INFO - 
================================================================================
DAG File Processing Stats

File Path                                   PID    Runtime      # DAGs    # Errors  Last Runtime    Last Run               Last # of DB Queries
------------------------------------------  -----  ---------  --------  ----------  --------------  -------------------  ----------------------
/opt/airflow/dags/build_pinecone_search.py                           1           0  1.57s           2025-04-17T06:15:00                      12
================================================================================
[2025-04-17T06:15:43.222+0000] {manager.py:1008} INFO - 
================================================================================
DAG File Processing Stats

File Path                                   PID    Runtime      # DAGs    # Errors  Last Runtime    Last Run               Last # of DB Queries
------------------------------------------  -----  ---------  --------  ----------  --------------  -------------------  ----------------------
/opt/airflow/dags/build_pinecone_search.py                           1           0  1.56s           2025-04-17T06:15:32                      12
================================================================================
[2025-04-17T06:16:13.667+0000] {manager.py:1008} INFO - 
================================================================================
DAG File Processing Stats

File Path                                   PID    Runtime      # DAGs    # Errors  Last Runtime    Last Run               Last # of DB Queries
------------------------------------------  -----  ---------  --------  ----------  --------------  -------------------  ----------------------
/opt/airflow/dags/build_pinecone_search.py                           1           0  1.58s           2025-04-17T06:16:03                      12
================================================================================
[2025-04-17T06:16:43.977+0000] {manager.py:1008} INFO - 
================================================================================
DAG File Processing Stats

File Path                                   PID    Runtime      # DAGs    # Errors  Last Runtime    Last Run               Last # of DB Queries
------------------------------------------  -----  ---------  --------  ----------  --------------  -------------------  ----------------------
/opt/airflow/dags/build_pinecone_search.py                           1           0  1.63s           2025-04-17T06:16:35                      12
================================================================================
[2025-04-17T06:17:14.292+0000] {manager.py:1008} INFO - 
================================================================================
DAG File Processing Stats

File Path                                   PID    Runtime      # DAGs    # Errors  Last Runtime    Last Run               Last # of DB Queries
------------------------------------------  -----  ---------  --------  ----------  --------------  -------------------  ----------------------
/opt/airflow/dags/build_pinecone_search.py                           1           0  1.61s           2025-04-17T06:17:07                      12
================================================================================
[2025-04-17T06:17:32.034+0000] {manager.py:832} INFO - Searching for files in /opt/airflow/dags
[2025-04-17T06:17:32.041+0000] {manager.py:835} INFO - There are 1 files in /opt/airflow/dags
[2025-04-17T06:17:44.587+0000] {manager.py:1008} INFO - 
================================================================================
DAG File Processing Stats

File Path                                   PID    Runtime      # DAGs    # Errors  Last Runtime    Last Run               Last # of DB Queries
------------------------------------------  -----  ---------  --------  ----------  --------------  -------------------  ----------------------
/opt/airflow/dags/build_pinecone_search.py                           1           0  1.58s           2025-04-17T06:17:39                      12
================================================================================
[2025-04-17T06:18:14.993+0000] {manager.py:1008} INFO - 
================================================================================
DAG File Processing Stats

File Path                                   PID    Runtime      # DAGs    # Errors  Last Runtime    Last Run               Last # of DB Queries
------------------------------------------  -----  ---------  --------  ----------  --------------  -------------------  ----------------------
/opt/airflow/dags/build_pinecone_search.py                           1           0  1.56s           2025-04-17T06:18:11                      12
================================================================================
[2025-04-17T06:18:45.295+0000] {manager.py:1008} INFO - 
================================================================================
DAG File Processing Stats

File Path                                   PID    Runtime      # DAGs    # Errors  Last Runtime    Last Run               Last # of DB Queries
------------------------------------------  -----  ---------  --------  ----------  --------------  -------------------  ----------------------
/opt/airflow/dags/build_pinecone_search.py                           1           0  1.63s           2025-04-17T06:18:43                      12
================================================================================
[2025-04-17T06:19:15.305+0000] {manager.py:1008} INFO - 
================================================================================
DAG File Processing Stats

File Path                                   PID    Runtime      # DAGs    # Errors  Last Runtime    Last Run               Last # of DB Queries
------------------------------------------  -----  ---------  --------  ----------  --------------  -------------------  ----------------------
/opt/airflow/dags/build_pinecone_search.py                           1           0  1.68s           2025-04-17T06:19:15                      12
================================================================================
