[2025-03-26T07:25:05.663+0000] {local_task_job_runner.py:123} INFO - ::group::Pre task execution logs
[2025-03-26T07:25:05.669+0000] {taskinstance.py:2612} INFO - Dependencies all met for dep_context=non-requeueable deps ti=<TaskInstance: BuildELT_CTAS.run_ctas manual__2025-03-26T07:25:05.296057+00:00 [queued]>
[2025-03-26T07:25:05.671+0000] {taskinstance.py:2612} INFO - Dependencies all met for dep_context=requeueable deps ti=<TaskInstance: BuildELT_CTAS.run_ctas manual__2025-03-26T07:25:05.296057+00:00 [queued]>
[2025-03-26T07:25:05.671+0000] {taskinstance.py:2865} INFO - Starting attempt 1 of 1
[2025-03-26T07:25:05.674+0000] {taskinstance.py:2888} INFO - Executing <Task(_PythonDecoratedOperator): run_ctas> on 2025-03-26 07:25:05.296057+00:00
[2025-03-26T07:25:05.677+0000] {logging_mixin.py:190} WARNING - /home/***/.local/lib/python3.12/site-packages/***/task/task_runner/standard_task_runner.py:70 DeprecationWarning: This process (pid=501) is multi-threaded, use of fork() may lead to deadlocks in the child.
[2025-03-26T07:25:05.678+0000] {standard_task_runner.py:72} INFO - Started process 504 to run task
[2025-03-26T07:25:05.678+0000] {standard_task_runner.py:104} INFO - Running: ['***', 'tasks', 'run', 'BuildELT_CTAS', 'run_ctas', 'manual__2025-03-26T07:25:05.296057+00:00', '--job-id', '19', '--raw', '--subdir', 'DAGS_FOLDER/BuildELT_CTAS.py', '--cfg-path', '/tmp/tmp_c1mmqsq']
[2025-03-26T07:25:05.679+0000] {standard_task_runner.py:105} INFO - Job 19: Subtask run_ctas
[2025-03-26T07:25:05.695+0000] {task_command.py:467} INFO - Running <TaskInstance: BuildELT_CTAS.run_ctas manual__2025-03-26T07:25:05.296057+00:00 [running]> on host c64c0dce870f
[2025-03-26T07:25:05.722+0000] {taskinstance.py:3131} INFO - Exporting env vars: AIRFLOW_CTX_DAG_OWNER='***' AIRFLOW_CTX_DAG_ID='BuildELT_CTAS' AIRFLOW_CTX_TASK_ID='run_ctas' AIRFLOW_CTX_EXECUTION_DATE='2025-03-26T07:25:05.296057+00:00' AIRFLOW_CTX_TRY_NUMBER='1' AIRFLOW_CTX_DAG_RUN_ID='manual__2025-03-26T07:25:05.296057+00:00'
[2025-03-26T07:25:05.722+0000] {taskinstance.py:731} INFO - ::endgroup::
[2025-03-26T07:25:05.723+0000] {BuildELT_CTAS.py:16} INFO - Creating table session_summary with SQL: SELECT u.*, s.ts
    FROM dev.raw.user_session_channel u
    JOIN dev.raw.session_timestamp s ON u.sessionId = s.sessionId
[2025-03-26T07:25:05.727+0000] {base.py:84} INFO - Retrieving connection 'snowflake_conn'
[2025-03-26T07:25:05.727+0000] {connection.py:413} INFO - Snowflake Connector for Python Version: 3.12.1, Python Version: 3.12.5, Platform: Linux-6.12.5-linuxkit-aarch64-with-glibc2.36
[2025-03-26T07:25:05.728+0000] {connection.py:1196} INFO - Connecting to GLOBAL Snowflake domain
[2025-03-26T07:25:05.728+0000] {connection.py:1277} INFO - This connection is in OCSP Fail Open Mode. TLS Certificates would be checked for validity and revocation status. Any other Certificate Revocation related exceptions or OCSP Responder failures would be disregarded in favor of connectivity.
[2025-03-26T07:25:06.154+0000] {BuildELT_CTAS.py:23} INFO - Executing SQL: DROP TABLE IF EXISTS dev.analytics.session_summary;
[2025-03-26T07:25:06.353+0000] {cursor.py:1156} INFO - Number of results in first chunk: 1
[2025-03-26T07:25:06.354+0000] {BuildELT_CTAS.py:28} INFO - Executing SQL: CREATE OR REPLACE TABLE dev.analytics.temp_session_summary AS SELECT u.*, s.ts
    FROM dev.raw.user_session_channel u
    JOIN dev.raw.session_timestamp s ON u.sessionId = s.sessionId
[2025-03-26T07:25:07.369+0000] {cursor.py:1156} INFO - Number of results in first chunk: 1
[2025-03-26T07:25:07.370+0000] {BuildELT_CTAS.py:40} INFO - Checking for duplicates with SQL: 
              SELECT sessionId, COUNT(1) AS cnt 
              FROM dev.analytics.temp_session_summary
              GROUP BY 1
              HAVING COUNT(1) > 1
              ORDER BY 2 DESC
              LIMIT 1
[2025-03-26T07:25:07.778+0000] {cursor.py:1156} INFO - Number of results in first chunk: 0
[2025-03-26T07:25:07.778+0000] {BuildELT_CTAS.py:50} INFO - Creating main table with SQL: 
            CREATE TABLE IF NOT EXISTS dev.analytics.session_summary AS
            SELECT * FROM dev.analytics.temp_session_summary WHERE 1=0;
[2025-03-26T07:25:08.288+0000] {cursor.py:1156} INFO - Number of results in first chunk: 1
[2025-03-26T07:25:08.289+0000] {BuildELT_CTAS.py:55} INFO - Swapping tables with SQL: ALTER TABLE dev.analytics.session_summary SWAP WITH dev.analytics.temp_session_summary;
[2025-03-26T07:25:09.008+0000] {cursor.py:1156} INFO - Number of results in first chunk: 1
[2025-03-26T07:25:09.009+0000] {python.py:240} INFO - Done. Returned value was: None
[2025-03-26T07:25:09.022+0000] {taskinstance.py:340} INFO - ::group::Post task execution logs
[2025-03-26T07:25:09.023+0000] {taskinstance.py:352} INFO - Marking task as SUCCESS. dag_id=BuildELT_CTAS, task_id=run_ctas, run_id=manual__2025-03-26T07:25:05.296057+00:00, execution_date=20250326T072505, start_date=20250326T072505, end_date=20250326T072509
[2025-03-26T07:25:09.043+0000] {local_task_job_runner.py:266} INFO - Task exited with return code 0
[2025-03-26T07:25:09.054+0000] {taskinstance.py:3900} INFO - 0 downstream tasks scheduled from follow-on schedule check
[2025-03-26T07:25:09.055+0000] {local_task_job_runner.py:245} INFO - ::endgroup::
